total 6920
-rw-r--r--. 1 aazzaoui aazzaoui  283587 Dec  5 00:02 10-Finding+System+Information.pdf
-rw-r--r--. 1 aazzaoui aazzaoui   68226 Dec  5 00:02 11-File+Permissions+Cheat+Sheet.pdf
-rw-r--r--. 1 aazzaoui aazzaoui   74013 Dec  5 00:02 12-Access+Control+Lists.pdf
-rw-r--r--. 1 aazzaoui aazzaoui  156893 Dec  1 14:41 1-Command+Syntax.pdf
-rw-r--r--. 1 aazzaoui aazzaoui  206150 Dec  1 17:34 2-File+Permission+(Numerically).pdf
-rw-r--r--. 1 aazzaoui aazzaoui  239757 Dec  1 15:07 2-File+Permissions+and+Ownership.pdf
drwxr-xr-x. 2 aazzaoui aazzaoui      85 Dec  2 12:55 3-ACL
-rw-r--r--. 1 aazzaoui aazzaoui  176752 Dec  1 18:35 3-Getting+Help.pdf
-rw-r--r--. 1 aazzaoui aazzaoui  235949 Dec  2 13:31 4-TAB+Completion.pdf
-rw-r--r--. 1 aazzaoui aazzaoui  132090 Dec  2 14:19 5-Adding+Text+to+Files.pdf
drwxr-xr-x. 2 aazzaoui aazzaoui      31 Dec  2 16:17 68_standard_output_file
drwxr-xr-x. 2 aazzaoui aazzaoui      34 Dec  2 15:07 6_Input_and_Output_Redirects
-rw-r--r--. 1 aazzaoui aazzaoui  295963 Dec  2 17:55 6-Pipes.pdf
drwxr-xr-x. 3 aazzaoui aazzaoui      66 Dec  4 23:26 70_file_commands
-rw-r--r--. 1 aazzaoui aazzaoui  276832 Dec  2 17:54 7-File+Maintenance+Commands.pdf
-rw-r--r--. 1 aazzaoui aazzaoui  321008 Dec  3 12:54 8-File+Display+Commands.pdf
-rw-r--r--. 1 aazzaoui aazzaoui  476614 Dec  3 13:29 9-Filters-Text+Processing+Commands.pdf
-rw-r--r--. 1 aazzaoui aazzaoui       0 Dec  4 13:55 a
-rw-r--r--. 1 aazzaoui aazzaoui       0 Dec  4 13:55 A
drwxr-xr-x. 2 aazzaoui aazzaoui     105 Dec  2 15:04 Adding_Text_to_file
-rw-r--r--. 1 aazzaoui aazzaoui     121 Dec  7 20:11 cat
-rw-r--r--. 1 aazzaoui aazzaoui      37 Dec  5 00:10 countries
-rw-r--r--. 1 aazzaoui aazzaoui     480 Dec  7 18:58 count.txt
drwxr-xr-x. 2 aazzaoui aazzaoui       6 Dec  4 23:31 cp_test
-rw-r--r--. 1 root     root       34589 Dec  3 16:24 error
-rw-r--r--. 1 aazzaoui aazzaoui      56 Dec  8 09:43 file
-rw-r--r--. 1 aazzaoui aazzaoui      24 Dec  8 09:39 file.new
-rw-r--r--. 1 aazzaoui aazzaoui       0 Dec  8 09:50 files.log
-rw-r--r--. 1 aazzaoui aazzaoui     161 Dec  6 14:29 grep.txt
-rw-r--r--. 1 aazzaoui aazzaoui    2687 Dec  5 13:59 homework.txt
-rw-r--r--. 1 aazzaoui aazzaoui     166 Dec  7 20:13 listing
-rw-r--r--. 1 aazzaoui aazzaoui    8253 Dec  5 16:29 man_ls
-rw-rw----+ 1 root     root     3205695 Dec  3 12:44 messages
-rw-r--r--. 1 aazzaoui aazzaoui  751206 Dec  1 14:43 Module+4.pdf
-rw-r--r--. 1 aazzaoui aazzaoui      16 Dec  6 10:52 myFile
-rw-r--r--. 1 aazzaoui aazzaoui     740 Dec  5 13:57 new_text_proce
drwxr-xr-x. 2 aazzaoui aazzaoui      53 Dec  1 18:33 permissions
-rw-r--r--. 1 aazzaoui aazzaoui      97 Dec  7 20:02 phone
drw-r--r--. 2 aazzaoui aazzaoui       6 Dec  1 14:51 seinfeld
-rw-r--r--. 1 aazzaoui aazzaoui     444 Dec  4 14:21 seinfeld-characters.txt
-rw-r--r--. 1 aazzaoui aazzaoui      12 Dec  5 00:12 sepaa
-rw-r--r--. 1 aazzaoui aazzaoui      14 Dec  5 00:12 sepab
-rw-r--r--. 1 aazzaoui aazzaoui      11 Dec  5 00:12 sepac
drwxr-xr-x. 2 aazzaoui aazzaoui      61 Dec  4 16:50 superman
-rw-r--r--. 1 aazzaoui aazzaoui      32 Dec  7 12:13 test_awk
-rw-r--r--. 1 aazzaoui aazzaoui      14 Dec  3 15:21 test_awk_in_file
drwxr-xr-x. 2 aazzaoui aazzaoui      27 Dec  5 01:10 test_dir
-rw-r--r--. 1 aazzaoui aazzaoui     997 Dec  7 22:07 test.uniq
-rw-r--r--. 1 aazzaoui aazzaoui    1437 Dec  3 14:42 text_proce
-rw-r--r--. 1 aazzaoui aazzaoui      61 Dec  7 21:59 todays.logins
-rw-r--r--. 1 aazzaoui aazzaoui      70 Dec  4 23:56 truncate_test_command
-rw-r--r--. 1 aazzaoui aazzaoui     149 Dec  7 20:59 users
-rw-r--r--. 1 aazzaoui aazzaoui     100 Dec  8 09:48 users1
-rw-r--r--. 1 aazzaoui aazzaoui     100 Dec  8 09:48 users2
